<?xml version="1.0" encoding="UTF-8"?>
<testng-results ignored="0" total="1" passed="1" failed="0" skipped="0">
  <reporter-output>
    <line>
      <![CDATA[I am run method in DemoTest Class]]>
    </line>
  </reporter-output>
  <suite started-at="2020-07-23T15:11:13 PDT" name="Default suite" finished-at="2020-07-23T15:11:13 PDT" duration-ms="26">
    <groups>
    </groups>
    <test started-at="2020-07-23T15:11:13 PDT" name="Default test" finished-at="2020-07-23T15:11:13 PDT" duration-ms="26">
      <class name="testngPrograms.DemoTest">
        <test-method signature="run()[pri:0, instance:testngPrograms.DemoTest@7334aada]" started-at="2020-07-23T15:11:13 PDT" name="run" finished-at="2020-07-23T15:11:13 PDT" duration-ms="6" status="PASS">
          <reporter-output>
            <line>
              <![CDATA[I am run method in DemoTest Class]]>
            </line>
          </reporter-output>
        </test-method> <!-- run -->
      </class> <!-- testngPrograms.DemoTest -->
    </test> <!-- Default test -->
  </suite> <!-- Default suite -->
</testng-results>
